{
    "level": "INFO",
    "message": "RATE_LIMITER_INITIATED",
    "timestamp": "2025-03-09T15:23:30.752Z",
    "meta": {}
}
|||
{
    "level": "INFO",
    "message": "DATABASE_CONNECTION",
    "timestamp": "2025-03-09T15:23:30.754Z",
    "meta": {
        "CONNECTION_NAME": "bulkdid"
    }
}
|||
{
    "level": "INFO",
    "message": "SERVER_STARTED",
    "timestamp": "2025-03-09T15:23:30.757Z",
    "meta": {
        "PORT": "3500",
        "SERVER_URL": "http://localhost:3000",
        "MESSAGE": "Server started successfully",
        "TIME_STAMP": "2025-03-09T15:23:30.755Z"
    }
}
|||
{
    "level": "INFO",
    "message": "CONTROLLER_ERROR",
    "timestamp": "2025-03-09T15:23:45.914Z",
    "meta": {
        "success": false,
        "status": 401,
        "message": "The requested route was not found",
        "trace": {
            "error": "Error: The requested route was not found\n    at D:\\Full-stack\\callerId-status-checker\\backend\\src\\app.ts:62:15\n    at Layer.handle [as handle_request] (D:\\Full-stack\\callerId-status-checker\\backend\\node_modules\\express\\lib\\router\\layer.js:95:5)\n    at trim_prefix (D:\\Full-stack\\callerId-status-checker\\backend\\node_modules\\express\\lib\\router\\index.js:328:13)\n    at D:\\Full-stack\\callerId-status-checker\\backend\\node_modules\\express\\lib\\router\\index.js:286:9\n    at Function.process_params (D:\\Full-stack\\callerId-status-checker\\backend\\node_modules\\express\\lib\\router\\index.js:346:12)\n    at next (D:\\Full-stack\\callerId-status-checker\\backend\\node_modules\\express\\lib\\router\\index.js:280:10)\n    at D:\\Full-stack\\callerId-status-checker\\backend\\node_modules\\express\\lib\\router\\index.js:646:15\n    at next (D:\\Full-stack\\callerId-status-checker\\backend\\node_modules\\express\\lib\\router\\index.js:265:14)\n    at Function.handle (D:\\Full-stack\\callerId-status-checker\\backend\\node_modules\\express\\lib\\router\\index.js:175:3)\n    at router (D:\\Full-stack\\callerId-status-checker\\backend\\node_modules\\express\\lib\\router\\index.js:47:12)\n    at Layer.handle [as handle_request] (D:\\Full-stack\\callerId-status-checker\\backend\\node_modules\\express\\lib\\router\\layer.js:95:5)\n    at trim_prefix (D:\\Full-stack\\callerId-status-checker\\backend\\node_modules\\express\\lib\\router\\index.js:328:13)\n    at D:\\Full-stack\\callerId-status-checker\\backend\\node_modules\\express\\lib\\router\\index.js:286:9\n    at Function.process_params (D:\\Full-stack\\callerId-status-checker\\backend\\node_modules\\express\\lib\\router\\index.js:346:12)\n    at next (D:\\Full-stack\\callerId-status-checker\\backend\\node_modules\\express\\lib\\router\\index.js:280:10)\n    at default_1 (D:\\Full-stack\\callerId-status-checker\\backend\\src\\middleware\\isAdmin.ts:12:9)"
        },
        "request": {
            "ip": "::1",
            "method": "GET",
            "url": "/api/v1/analytics/logs"
        }
    }
}
|||
{
    "level": "INFO",
    "message": "CONTROLLER_ERROR",
    "timestamp": "2025-03-09T15:24:25.359Z",
    "meta": {
        "success": false,
        "status": 401,
        "message": "The requested route was not found",
        "trace": {
            "error": "Error: The requested route was not found\n    at D:\\Full-stack\\callerId-status-checker\\backend\\src\\app.ts:62:15\n    at Layer.handle [as handle_request] (D:\\Full-stack\\callerId-status-checker\\backend\\node_modules\\express\\lib\\router\\layer.js:95:5)\n    at trim_prefix (D:\\Full-stack\\callerId-status-checker\\backend\\node_modules\\express\\lib\\router\\index.js:328:13)\n    at D:\\Full-stack\\callerId-status-checker\\backend\\node_modules\\express\\lib\\router\\index.js:286:9\n    at Function.process_params (D:\\Full-stack\\callerId-status-checker\\backend\\node_modules\\express\\lib\\router\\index.js:346:12)\n    at next (D:\\Full-stack\\callerId-status-checker\\backend\\node_modules\\express\\lib\\router\\index.js:280:10)\n    at D:\\Full-stack\\callerId-status-checker\\backend\\node_modules\\express\\lib\\router\\index.js:646:15\n    at next (D:\\Full-stack\\callerId-status-checker\\backend\\node_modules\\express\\lib\\router\\index.js:265:14)\n    at Function.handle (D:\\Full-stack\\callerId-status-checker\\backend\\node_modules\\express\\lib\\router\\index.js:175:3)\n    at router (D:\\Full-stack\\callerId-status-checker\\backend\\node_modules\\express\\lib\\router\\index.js:47:12)\n    at Layer.handle [as handle_request] (D:\\Full-stack\\callerId-status-checker\\backend\\node_modules\\express\\lib\\router\\layer.js:95:5)\n    at trim_prefix (D:\\Full-stack\\callerId-status-checker\\backend\\node_modules\\express\\lib\\router\\index.js:328:13)\n    at D:\\Full-stack\\callerId-status-checker\\backend\\node_modules\\express\\lib\\router\\index.js:286:9\n    at Function.process_params (D:\\Full-stack\\callerId-status-checker\\backend\\node_modules\\express\\lib\\router\\index.js:346:12)\n    at next (D:\\Full-stack\\callerId-status-checker\\backend\\node_modules\\express\\lib\\router\\index.js:280:10)\n    at default_1 (D:\\Full-stack\\callerId-status-checker\\backend\\src\\middleware\\isAdmin.ts:12:9)"
        },
        "request": {
            "ip": "::1",
            "method": "GET",
            "url": "/api/v1/analytics/logs"
        }
    }
}
|||
