{
    "level": "INFO",
    "message": "RATE_LIMITER_INITIATED",
    "timestamp": "2025-03-10T10:39:51.279Z",
    "meta": {}
}
|||
{
    "level": "INFO",
    "message": "DATABASE_CONNECTION",
    "timestamp": "2025-03-10T10:39:51.281Z",
    "meta": {
        "CONNECTION_NAME": "bulkdid"
    }
}
|||
{
    "level": "INFO",
    "message": "SERVER_STARTED",
    "timestamp": "2025-03-10T10:39:51.283Z",
    "meta": {
        "PORT": "3500",
        "SERVER_URL": "http://localhost:3000",
        "MESSAGE": "Server started successfully",
        "TIME_STAMP": "2025-03-10T10:39:51.281Z"
    }
}
|||
{
    "level": "INFO",
    "message": "RATE_LIMITER_INITIATED",
    "timestamp": "2025-03-10T10:41:06.216Z",
    "meta": {}
}
|||
{
    "level": "INFO",
    "message": "DATABASE_CONNECTION",
    "timestamp": "2025-03-10T10:41:06.218Z",
    "meta": {
        "CONNECTION_NAME": "bulkdid"
    }
}
|||
{
    "level": "INFO",
    "message": "SERVER_STARTED",
    "timestamp": "2025-03-10T10:41:06.220Z",
    "meta": {
        "PORT": "3500",
        "SERVER_URL": "http://localhost:3000",
        "MESSAGE": "Server started successfully",
        "TIME_STAMP": "2025-03-10T10:41:06.218Z"
    }
}
|||
{
    "level": "INFO",
    "message": "CONTROLLER_RESPONCE",
    "timestamp": "2025-03-10T10:41:06.665Z",
    "meta": {
        "success": true,
        "status": 200,
        "request": {
            "ip": "::1",
            "method": "POST",
            "url": "/api/v1/server/details"
        },
        "message": "The operation has been successful",
        "data": {
            "stats": {
                "db": "bulkdid",
                "collections": 8,
                "views": 0,
                "objects": 47756,
                "avgObjSize": 202.90648295502135,
                "dataSize": 9690002,
                "storageSize": 2629632,
                "indexes": 11,
                "indexSize": 1568768,
                "totalSize": 4198400,
                "scaleFactor": 1,
                "fsUsedSize": 277921316864,
                "fsTotalSize": 491013533696,
                "ok": 1
            },
            "infoStats": {
                "version": "7.0.12",
                "uptime": 713634,
                "connections": {
                    "current": 17,
                    "available": 999983
                },
                "memoryUsage": {
                    "resident": "55 MB",
                    "virtual": "4929 MB"
                },
                "network": {
                    "bytesIn": "93.98 MB",
                    "bytesOut": "74.17 MB",
                    "numRequests": 266476
                },
                "operations": {
                    "insert": 152375,
                    "query": 1207,
                    "update": 4881,
                    "delete": 13
                },
                "storageEngine": "wiredTiger"
            }
        }
    }
}
|||
{
    "level": "ERROR",
    "message": "jwt expired",
    "timestamp": "2025-03-10T10:52:06.156Z",
    "meta": {}
}
|||
{
    "level": "INFO",
    "message": "CONTROLLER_RESPONCE",
    "timestamp": "2025-03-10T10:52:06.159Z",
    "meta": {
        "success": true,
        "status": 401,
        "request": {
            "ip": "::1",
            "method": "POST",
            "url": "/api/v1/analytics/logs"
        },
        "message": "You are not authorized to perform this action",
        "data": null
    }
}
|||
{
    "level": "INFO",
    "message": "CONTROLLER_RESPONCE",
    "timestamp": "2025-03-10T10:52:12.116Z",
    "meta": {
        "success": true,
        "status": 200,
        "request": {
            "ip": "::1",
            "method": "POST",
            "url": "/api/v1/auth/login"
        },
        "message": "The operation has been successful",
        "data": {
            "success": true,
            "message": "User logined successfully"
        }
    }
}
|||
{
    "level": "INFO",
    "message": "CONTROLLER_ERROR",
    "timestamp": "2025-03-10T10:52:17.802Z",
    "meta": {
        "success": false,
        "status": 401,
        "message": "The requested route was not found",
        "trace": {
            "error": "Error: The requested route was not found\n    at D:\\Full-stack\\callerId-status-checker\\backend\\src\\app.ts:64:15\n    at Layer.handle [as handle_request] (D:\\Full-stack\\callerId-status-checker\\backend\\node_modules\\express\\lib\\router\\layer.js:95:5)\n    at trim_prefix (D:\\Full-stack\\callerId-status-checker\\backend\\node_modules\\express\\lib\\router\\index.js:328:13)\n    at D:\\Full-stack\\callerId-status-checker\\backend\\node_modules\\express\\lib\\router\\index.js:286:9\n    at Function.process_params (D:\\Full-stack\\callerId-status-checker\\backend\\node_modules\\express\\lib\\router\\index.js:346:12)\n    at next (D:\\Full-stack\\callerId-status-checker\\backend\\node_modules\\express\\lib\\router\\index.js:280:10)\n    at D:\\Full-stack\\callerId-status-checker\\backend\\node_modules\\express\\lib\\router\\index.js:646:15\n    at next (D:\\Full-stack\\callerId-status-checker\\backend\\node_modules\\express\\lib\\router\\index.js:265:14)\n    at Function.handle (D:\\Full-stack\\callerId-status-checker\\backend\\node_modules\\express\\lib\\router\\index.js:175:3)\n    at router (D:\\Full-stack\\callerId-status-checker\\backend\\node_modules\\express\\lib\\router\\index.js:47:12)\n    at Layer.handle [as handle_request] (D:\\Full-stack\\callerId-status-checker\\backend\\node_modules\\express\\lib\\router\\layer.js:95:5)\n    at trim_prefix (D:\\Full-stack\\callerId-status-checker\\backend\\node_modules\\express\\lib\\router\\index.js:328:13)\n    at D:\\Full-stack\\callerId-status-checker\\backend\\node_modules\\express\\lib\\router\\index.js:286:9\n    at Function.process_params (D:\\Full-stack\\callerId-status-checker\\backend\\node_modules\\express\\lib\\router\\index.js:346:12)\n    at next (D:\\Full-stack\\callerId-status-checker\\backend\\node_modules\\express\\lib\\router\\index.js:280:10)\n    at default_1 (D:\\Full-stack\\callerId-status-checker\\backend\\src\\middleware\\isAdmin.ts:12:9)"
        },
        "request": {
            "ip": "::1",
            "method": "POST",
            "url": "/api/v1/analytics/logs"
        }
    }
}
|||
{
    "level": "INFO",
    "message": "RATE_LIMITER_INITIATED",
    "timestamp": "2025-03-10T14:37:39.259Z",
    "meta": {}
}
|||
{
    "level": "INFO",
    "message": "DATABASE_CONNECTION",
    "timestamp": "2025-03-10T14:37:39.261Z",
    "meta": {
        "CONNECTION_NAME": "bulkdid"
    }
}
|||
{
    "level": "INFO",
    "message": "SERVER_STARTED",
    "timestamp": "2025-03-10T14:37:39.263Z",
    "meta": {
        "PORT": "3500",
        "SERVER_URL": "http://localhost:3000",
        "MESSAGE": "Server started successfully",
        "TIME_STAMP": "2025-03-10T14:37:39.261Z"
    }
}
|||
{
    "level": "INFO",
    "message": "RATE_LIMITER_INITIATED",
    "timestamp": "2025-03-10T14:39:12.694Z",
    "meta": {}
}
|||
{
    "level": "INFO",
    "message": "DATABASE_CONNECTION",
    "timestamp": "2025-03-10T14:39:12.697Z",
    "meta": {
        "CONNECTION_NAME": "bulkdid"
    }
}
|||
{
    "level": "INFO",
    "message": "SERVER_STARTED",
    "timestamp": "2025-03-10T14:39:12.699Z",
    "meta": {
        "PORT": "3500",
        "SERVER_URL": "http://localhost:3000",
        "MESSAGE": "Server started successfully",
        "TIME_STAMP": "2025-03-10T14:39:12.697Z"
    }
}
|||
{
    "level": "INFO",
    "message": "RATE_LIMITER_INITIATED",
    "timestamp": "2025-03-10T14:40:02.393Z",
    "meta": {}
}
|||
{
    "level": "INFO",
    "message": "DATABASE_CONNECTION",
    "timestamp": "2025-03-10T14:40:02.395Z",
    "meta": {
        "CONNECTION_NAME": "bulkdid"
    }
}
|||
{
    "level": "INFO",
    "message": "SERVER_STARTED",
    "timestamp": "2025-03-10T14:40:02.397Z",
    "meta": {
        "PORT": "3500",
        "SERVER_URL": "http://localhost:3000",
        "MESSAGE": "Server started successfully",
        "TIME_STAMP": "2025-03-10T14:40:02.395Z"
    }
}
|||
{
    "level": "ERROR",
    "message": "jwt expired",
    "timestamp": "2025-03-10T14:40:11.533Z",
    "meta": {}
}
|||
{
    "level": "INFO",
    "message": "CONTROLLER_RESPONCE",
    "timestamp": "2025-03-10T14:40:11.536Z",
    "meta": {
        "success": true,
        "status": 401,
        "request": {
            "ip": "::1",
            "method": "POST",
            "url": "/api/v1/server/details"
        },
        "message": "You are not authorized to perform this action",
        "data": null
    }
}
|||
{
    "level": "INFO",
    "message": "CONTROLLER_RESPONCE",
    "timestamp": "2025-03-10T14:40:17.139Z",
    "meta": {
        "success": true,
        "status": 200,
        "request": {
            "ip": "::1",
            "method": "POST",
            "url": "/api/v1/auth/login"
        },
        "message": "The operation has been successful",
        "data": {
            "success": true,
            "message": "User logined successfully"
        }
    }
}
|||
{
    "level": "INFO",
    "message": "CONTROLLER_RESPONCE",
    "timestamp": "2025-03-10T14:40:20.735Z",
    "meta": {
        "success": true,
        "status": 200,
        "request": {
            "ip": "::1",
            "method": "POST",
            "url": "/api/v1/server/details"
        },
        "message": "The operation has been successful",
        "data": {
            "stats": {
                "db": "bulkdid",
                "collections": 9,
                "views": 0,
                "objects": 47756,
                "avgObjSize": 202.90738336544098,
                "dataSize": 9690045,
                "storageSize": 2633728,
                "indexes": 12,
                "indexSize": 1572864,
                "totalSize": 4206592,
                "scaleFactor": 1,
                "fsUsedSize": 279623499776,
                "fsTotalSize": 491013533696,
                "ok": 1
            },
            "infoStats": {
                "version": "7.0.12",
                "uptime": 727988,
                "connections": {
                    "current": 19,
                    "available": 999981
                },
                "memoryUsage": {
                    "resident": "55 MB",
                    "virtual": "4931 MB"
                },
                "network": {
                    "bytesIn": "94.11 MB",
                    "bytesOut": "74.64 MB",
                    "numRequests": 267824
                },
                "operations": {
                    "insert": 152375,
                    "query": 1233,
                    "update": 4900,
                    "delete": 13
                },
                "storageEngine": "wiredTiger"
            }
        }
    }
}
|||
{
    "level": "INFO",
    "message": "RATE_LIMITER_INITIATED",
    "timestamp": "2025-03-10T14:41:36.755Z",
    "meta": {}
}
|||
{
    "level": "INFO",
    "message": "DATABASE_CONNECTION",
    "timestamp": "2025-03-10T14:41:36.757Z",
    "meta": {
        "CONNECTION_NAME": "bulkdid"
    }
}
|||
{
    "level": "INFO",
    "message": "SERVER_STARTED",
    "timestamp": "2025-03-10T14:41:36.758Z",
    "meta": {
        "PORT": "3500",
        "SERVER_URL": "http://localhost:3000",
        "MESSAGE": "Server started successfully",
        "TIME_STAMP": "2025-03-10T14:41:36.757Z"
    }
}
|||
{
    "level": "INFO",
    "message": "RATE_LIMITER_INITIATED",
    "timestamp": "2025-03-10T14:42:18.957Z",
    "meta": {}
}
|||
{
    "level": "INFO",
    "message": "DATABASE_CONNECTION",
    "timestamp": "2025-03-10T14:42:18.959Z",
    "meta": {
        "CONNECTION_NAME": "bulkdid"
    }
}
|||
{
    "level": "INFO",
    "message": "SERVER_STARTED",
    "timestamp": "2025-03-10T14:42:18.961Z",
    "meta": {
        "PORT": "3500",
        "SERVER_URL": "http://localhost:3000",
        "MESSAGE": "Server started successfully",
        "TIME_STAMP": "2025-03-10T14:42:18.959Z"
    }
}
|||
{
    "level": "INFO",
    "message": "RATE_LIMITER_INITIATED",
    "timestamp": "2025-03-10T14:42:36.365Z",
    "meta": {}
}
|||
{
    "level": "INFO",
    "message": "DATABASE_CONNECTION",
    "timestamp": "2025-03-10T14:42:36.367Z",
    "meta": {
        "CONNECTION_NAME": "bulkdid"
    }
}
|||
{
    "level": "INFO",
    "message": "SERVER_STARTED",
    "timestamp": "2025-03-10T14:42:36.369Z",
    "meta": {
        "PORT": "3500",
        "SERVER_URL": "http://localhost:3000",
        "MESSAGE": "Server started successfully",
        "TIME_STAMP": "2025-03-10T14:42:36.367Z"
    }
}
|||
{
    "level": "INFO",
    "message": "RATE_LIMITER_INITIATED",
    "timestamp": "2025-03-10T14:42:51.154Z",
    "meta": {}
}
|||
{
    "level": "INFO",
    "message": "DATABASE_CONNECTION",
    "timestamp": "2025-03-10T14:42:51.157Z",
    "meta": {
        "CONNECTION_NAME": "bulkdid"
    }
}
|||
{
    "level": "INFO",
    "message": "SERVER_STARTED",
    "timestamp": "2025-03-10T14:42:51.159Z",
    "meta": {
        "PORT": "3500",
        "SERVER_URL": "http://localhost:3000",
        "MESSAGE": "Server started successfully",
        "TIME_STAMP": "2025-03-10T14:42:51.157Z"
    }
}
|||
{
    "level": "INFO",
    "message": "RATE_LIMITER_INITIATED",
    "timestamp": "2025-03-10T14:43:09.422Z",
    "meta": {}
}
|||
{
    "level": "INFO",
    "message": "DATABASE_CONNECTION",
    "timestamp": "2025-03-10T14:43:09.424Z",
    "meta": {
        "CONNECTION_NAME": "bulkdid"
    }
}
|||
{
    "level": "INFO",
    "message": "SERVER_STARTED",
    "timestamp": "2025-03-10T14:43:09.427Z",
    "meta": {
        "PORT": "3500",
        "SERVER_URL": "http://localhost:3000",
        "MESSAGE": "Server started successfully",
        "TIME_STAMP": "2025-03-10T14:43:09.424Z"
    }
}
|||
{
    "level": "INFO",
    "message": "RATE_LIMITER_INITIATED",
    "timestamp": "2025-03-10T14:43:45.741Z",
    "meta": {}
}
|||
{
    "level": "INFO",
    "message": "DATABASE_CONNECTION",
    "timestamp": "2025-03-10T14:43:45.743Z",
    "meta": {
        "CONNECTION_NAME": "bulkdid"
    }
}
|||
{
    "level": "INFO",
    "message": "SERVER_STARTED",
    "timestamp": "2025-03-10T14:43:45.746Z",
    "meta": {
        "PORT": "3500",
        "SERVER_URL": "http://localhost:3000",
        "MESSAGE": "Server started successfully",
        "TIME_STAMP": "2025-03-10T14:43:45.744Z"
    }
}
|||
{
    "level": "INFO",
    "message": "CONTROLLER_ERROR",
    "timestamp": "2025-03-10T14:43:55.230Z",
    "meta": {
        "success": false,
        "status": 401,
        "message": "The requested route was not found",
        "trace": {
            "error": "Error: The requested route was not found\n    at D:\\Full-stack\\callerId-status-checker\\backend\\src\\app.ts:65:15\n    at Layer.handle [as handle_request] (D:\\Full-stack\\callerId-status-checker\\backend\\node_modules\\express\\lib\\router\\layer.js:95:5)\n    at trim_prefix (D:\\Full-stack\\callerId-status-checker\\backend\\node_modules\\express\\lib\\router\\index.js:328:13)\n    at D:\\Full-stack\\callerId-status-checker\\backend\\node_modules\\express\\lib\\router\\index.js:286:9\n    at Function.process_params (D:\\Full-stack\\callerId-status-checker\\backend\\node_modules\\express\\lib\\router\\index.js:346:12)\n    at next (D:\\Full-stack\\callerId-status-checker\\backend\\node_modules\\express\\lib\\router\\index.js:280:10)\n    at D:\\Full-stack\\callerId-status-checker\\backend\\node_modules\\express\\lib\\router\\index.js:646:15\n    at next (D:\\Full-stack\\callerId-status-checker\\backend\\node_modules\\express\\lib\\router\\index.js:265:14)\n    at Function.handle (D:\\Full-stack\\callerId-status-checker\\backend\\node_modules\\express\\lib\\router\\index.js:175:3)\n    at router (D:\\Full-stack\\callerId-status-checker\\backend\\node_modules\\express\\lib\\router\\index.js:47:12)\n    at Layer.handle [as handle_request] (D:\\Full-stack\\callerId-status-checker\\backend\\node_modules\\express\\lib\\router\\layer.js:95:5)\n    at trim_prefix (D:\\Full-stack\\callerId-status-checker\\backend\\node_modules\\express\\lib\\router\\index.js:328:13)\n    at D:\\Full-stack\\callerId-status-checker\\backend\\node_modules\\express\\lib\\router\\index.js:286:9\n    at Function.process_params (D:\\Full-stack\\callerId-status-checker\\backend\\node_modules\\express\\lib\\router\\index.js:346:12)\n    at next (D:\\Full-stack\\callerId-status-checker\\backend\\node_modules\\express\\lib\\router\\index.js:280:10)\n    at default_1 (D:\\Full-stack\\callerId-status-checker\\backend\\src\\middleware\\isAuthenticated.ts:30:9)"
        },
        "request": {
            "ip": "::1",
            "method": "GET",
            "url": "/api/v1/bank/get-banks"
        }
    }
}
|||
{
    "level": "INFO",
    "message": "CONTROLLER_ERROR",
    "timestamp": "2025-03-10T14:44:46.269Z",
    "meta": {
        "success": false,
        "status": 401,
        "message": "The requested route was not found",
        "trace": {
            "error": "Error: The requested route was not found\n    at D:\\Full-stack\\callerId-status-checker\\backend\\src\\app.ts:65:15\n    at Layer.handle [as handle_request] (D:\\Full-stack\\callerId-status-checker\\backend\\node_modules\\express\\lib\\router\\layer.js:95:5)\n    at trim_prefix (D:\\Full-stack\\callerId-status-checker\\backend\\node_modules\\express\\lib\\router\\index.js:328:13)\n    at D:\\Full-stack\\callerId-status-checker\\backend\\node_modules\\express\\lib\\router\\index.js:286:9\n    at Function.process_params (D:\\Full-stack\\callerId-status-checker\\backend\\node_modules\\express\\lib\\router\\index.js:346:12)\n    at next (D:\\Full-stack\\callerId-status-checker\\backend\\node_modules\\express\\lib\\router\\index.js:280:10)\n    at D:\\Full-stack\\callerId-status-checker\\backend\\node_modules\\express\\lib\\router\\index.js:646:15\n    at next (D:\\Full-stack\\callerId-status-checker\\backend\\node_modules\\express\\lib\\router\\index.js:265:14)\n    at Function.handle (D:\\Full-stack\\callerId-status-checker\\backend\\node_modules\\express\\lib\\router\\index.js:175:3)\n    at router (D:\\Full-stack\\callerId-status-checker\\backend\\node_modules\\express\\lib\\router\\index.js:47:12)\n    at Layer.handle [as handle_request] (D:\\Full-stack\\callerId-status-checker\\backend\\node_modules\\express\\lib\\router\\layer.js:95:5)\n    at trim_prefix (D:\\Full-stack\\callerId-status-checker\\backend\\node_modules\\express\\lib\\router\\index.js:328:13)\n    at D:\\Full-stack\\callerId-status-checker\\backend\\node_modules\\express\\lib\\router\\index.js:286:9\n    at Function.process_params (D:\\Full-stack\\callerId-status-checker\\backend\\node_modules\\express\\lib\\router\\index.js:346:12)\n    at next (D:\\Full-stack\\callerId-status-checker\\backend\\node_modules\\express\\lib\\router\\index.js:280:10)\n    at default_1 (D:\\Full-stack\\callerId-status-checker\\backend\\src\\middleware\\isAuthenticated.ts:30:9)"
        },
        "request": {
            "ip": "::1",
            "method": "GET",
            "url": "/api/v1/bank/get-banks"
        }
    }
}
|||
{
    "level": "INFO",
    "message": "RATE_LIMITER_INITIATED",
    "timestamp": "2025-03-10T14:45:23.433Z",
    "meta": {}
}
|||
{
    "level": "INFO",
    "message": "DATABASE_CONNECTION",
    "timestamp": "2025-03-10T14:45:23.435Z",
    "meta": {
        "CONNECTION_NAME": "bulkdid"
    }
}
|||
{
    "level": "INFO",
    "message": "SERVER_STARTED",
    "timestamp": "2025-03-10T14:45:23.437Z",
    "meta": {
        "PORT": "3500",
        "SERVER_URL": "http://localhost:3000",
        "MESSAGE": "Server started successfully",
        "TIME_STAMP": "2025-03-10T14:45:23.435Z"
    }
}
|||
{
    "level": "INFO",
    "message": "CONTROLLER_ERROR",
    "timestamp": "2025-03-10T14:45:38.617Z",
    "meta": {
        "success": false,
        "status": 502,
        "message": "The requested route was not found",
        "trace": {
            "error": "Error: The requested route was not found\n    at D:\\Full-stack\\callerId-status-checker\\backend\\src\\app.ts:65:15\n    at Layer.handle [as handle_request] (D:\\Full-stack\\callerId-status-checker\\backend\\node_modules\\express\\lib\\router\\layer.js:95:5)\n    at trim_prefix (D:\\Full-stack\\callerId-status-checker\\backend\\node_modules\\express\\lib\\router\\index.js:328:13)\n    at D:\\Full-stack\\callerId-status-checker\\backend\\node_modules\\express\\lib\\router\\index.js:286:9\n    at Function.process_params (D:\\Full-stack\\callerId-status-checker\\backend\\node_modules\\express\\lib\\router\\index.js:346:12)\n    at next (D:\\Full-stack\\callerId-status-checker\\backend\\node_modules\\express\\lib\\router\\index.js:280:10)\n    at D:\\Full-stack\\callerId-status-checker\\backend\\node_modules\\express\\lib\\router\\index.js:646:15\n    at next (D:\\Full-stack\\callerId-status-checker\\backend\\node_modules\\express\\lib\\router\\index.js:265:14)\n    at Function.handle (D:\\Full-stack\\callerId-status-checker\\backend\\node_modules\\express\\lib\\router\\index.js:175:3)\n    at router (D:\\Full-stack\\callerId-status-checker\\backend\\node_modules\\express\\lib\\router\\index.js:47:12)\n    at Layer.handle [as handle_request] (D:\\Full-stack\\callerId-status-checker\\backend\\node_modules\\express\\lib\\router\\layer.js:95:5)\n    at trim_prefix (D:\\Full-stack\\callerId-status-checker\\backend\\node_modules\\express\\lib\\router\\index.js:328:13)\n    at D:\\Full-stack\\callerId-status-checker\\backend\\node_modules\\express\\lib\\router\\index.js:286:9\n    at Function.process_params (D:\\Full-stack\\callerId-status-checker\\backend\\node_modules\\express\\lib\\router\\index.js:346:12)\n    at next (D:\\Full-stack\\callerId-status-checker\\backend\\node_modules\\express\\lib\\router\\index.js:280:10)\n    at default_1 (D:\\Full-stack\\callerId-status-checker\\backend\\src\\middleware\\isAuthenticated.ts:30:9)"
        },
        "request": {
            "ip": "::1",
            "method": "GET",
            "url": "/api/v1/bank/get-banks"
        }
    }
}
|||
{
    "level": "INFO",
    "message": "RATE_LIMITER_INITIATED",
    "timestamp": "2025-03-10T14:45:54.963Z",
    "meta": {}
}
|||
{
    "level": "INFO",
    "message": "DATABASE_CONNECTION",
    "timestamp": "2025-03-10T14:45:54.965Z",
    "meta": {
        "CONNECTION_NAME": "bulkdid"
    }
}
|||
{
    "level": "INFO",
    "message": "SERVER_STARTED",
    "timestamp": "2025-03-10T14:45:54.967Z",
    "meta": {
        "PORT": "3500",
        "SERVER_URL": "http://localhost:3000",
        "MESSAGE": "Server started successfully",
        "TIME_STAMP": "2025-03-10T14:45:54.965Z"
    }
}
|||
{
    "level": "INFO",
    "message": "CONTROLLER_RESPONCE",
    "timestamp": "2025-03-10T14:45:57.095Z",
    "meta": {
        "success": true,
        "status": 200,
        "request": {
            "ip": "::1",
            "method": "GET",
            "url": "/api/v1/bank/get-banks"
        },
        "message": "The operation has been successful",
        "data": {
            "banks": []
        }
    }
}
|||
{
    "level": "INFO",
    "message": "CONTROLLER_RESPONCE",
    "timestamp": "2025-03-10T14:45:59.706Z",
    "meta": {
        "success": true,
        "status": 200,
        "request": {
            "ip": "::1",
            "method": "GET",
            "url": "/api/v1/bank/get-banks"
        },
        "message": "The operation has been successful",
        "data": {
            "banks": []
        }
    }
}
|||
{
    "level": "INFO",
    "message": "RATE_LIMITER_INITIATED",
    "timestamp": "2025-03-10T14:46:54.219Z",
    "meta": {}
}
|||
{
    "level": "INFO",
    "message": "DATABASE_CONNECTION",
    "timestamp": "2025-03-10T14:46:54.221Z",
    "meta": {
        "CONNECTION_NAME": "bulkdid"
    }
}
|||
{
    "level": "INFO",
    "message": "SERVER_STARTED",
    "timestamp": "2025-03-10T14:46:54.223Z",
    "meta": {
        "PORT": "3500",
        "SERVER_URL": "http://localhost:3000",
        "MESSAGE": "Server started successfully",
        "TIME_STAMP": "2025-03-10T14:46:54.221Z"
    }
}
|||
{
    "level": "INFO",
    "message": "CONTROLLER_RESPONCE",
    "timestamp": "2025-03-10T14:46:55.980Z",
    "meta": {
        "success": true,
        "status": 404,
        "request": {
            "ip": "::1",
            "method": "GET",
            "url": "/api/v1/bank/get-banks"
        },
        "message": "The requested banks was not found",
        "data": null
    }
}
|||
{
    "level": "INFO",
    "message": "CONTROLLER_ERROR",
    "timestamp": "2025-03-10T14:48:44.328Z",
    "meta": {
        "success": false,
        "status": 502,
        "message": "The requested route was not found",
        "trace": {
            "error": "Error: The requested route was not found\n    at D:\\Full-stack\\callerId-status-checker\\backend\\src\\app.ts:66:15\n    at Layer.handle [as handle_request] (D:\\Full-stack\\callerId-status-checker\\backend\\node_modules\\express\\lib\\router\\layer.js:95:5)\n    at trim_prefix (D:\\Full-stack\\callerId-status-checker\\backend\\node_modules\\express\\lib\\router\\index.js:328:13)\n    at D:\\Full-stack\\callerId-status-checker\\backend\\node_modules\\express\\lib\\router\\index.js:286:9\n    at Function.process_params (D:\\Full-stack\\callerId-status-checker\\backend\\node_modules\\express\\lib\\router\\index.js:346:12)\n    at next (D:\\Full-stack\\callerId-status-checker\\backend\\node_modules\\express\\lib\\router\\index.js:280:10)\n    at D:\\Full-stack\\callerId-status-checker\\backend\\node_modules\\express\\lib\\router\\index.js:646:15\n    at next (D:\\Full-stack\\callerId-status-checker\\backend\\node_modules\\express\\lib\\router\\index.js:265:14)\n    at Function.handle (D:\\Full-stack\\callerId-status-checker\\backend\\node_modules\\express\\lib\\router\\index.js:175:3)\n    at router (D:\\Full-stack\\callerId-status-checker\\backend\\node_modules\\express\\lib\\router\\index.js:47:12)\n    at Layer.handle [as handle_request] (D:\\Full-stack\\callerId-status-checker\\backend\\node_modules\\express\\lib\\router\\layer.js:95:5)\n    at trim_prefix (D:\\Full-stack\\callerId-status-checker\\backend\\node_modules\\express\\lib\\router\\index.js:328:13)\n    at D:\\Full-stack\\callerId-status-checker\\backend\\node_modules\\express\\lib\\router\\index.js:286:9\n    at Function.process_params (D:\\Full-stack\\callerId-status-checker\\backend\\node_modules\\express\\lib\\router\\index.js:346:12)\n    at next (D:\\Full-stack\\callerId-status-checker\\backend\\node_modules\\express\\lib\\router\\index.js:280:10)\n    at default_1 (D:\\Full-stack\\callerId-status-checker\\backend\\src\\middleware\\isAuthenticated.ts:30:9)"
        },
        "request": {
            "ip": "::1",
            "method": "POST",
            "url": "/api/v1/bank/add-banks"
        }
    }
}
|||
{
    "level": "INFO",
    "message": "CONTROLLER_RESPONCE",
    "timestamp": "2025-03-10T14:49:05.678Z",
    "meta": {
        "success": true,
        "status": 200,
        "request": {
            "ip": "::1",
            "method": "POST",
            "url": "/api/v1/bank/add-bank"
        },
        "message": "The operation has been successful",
        "data": null
    }
}
|||
{
    "level": "INFO",
    "message": "CONTROLLER_RESPONCE",
    "timestamp": "2025-03-10T14:49:31.769Z",
    "meta": {
        "success": true,
        "status": 200,
        "request": {
            "ip": "::1",
            "method": "GET",
            "url": "/api/v1/bank/get-banks"
        },
        "message": "The operation has been successful",
        "data": {
            "banks": [
                {
                    "name": "Jazz Cash",
                    "accountHolderName": "Ahmed",
                    "accountNumber": 923026577397,
                    "icon": "https://icon.com",
                    "iconWidth": 30,
                    "iconHeight": 30,
                    "createdAt": "2025-03-10T14:49:05.671Z",
                    "updatedAt": "2025-03-10T14:49:05.671Z",
                    "__v": 0
                }
            ]
        }
    }
}
|||
